<?xml version="1.0" encoding="UTF-8"?>
<testsuite name="com.example.reactivewebservice.hello.GreetingRouterTest" tests="1" skipped="0" failures="0" errors="0" timestamp="2024-04-15T15:02:30" hostname="HOLBMAC2853" time="0.54">
  <properties/>
  <testcase name="testHello()" classname="com.example.reactivewebservice.hello.GreetingRouterTest" time="0.54"/>
  <system-out><![CDATA[16:02:29.614 [Test worker] INFO org.springframework.test.context.support.AnnotationConfigContextLoaderUtils -- Could not detect default configuration classes for test class [com.example.reactivewebservice.hello.GreetingRouterTest]: GreetingRouterTest does not declare any static, non-private, non-final, nested classes annotated with @Configuration.
16:02:29.652 [Test worker] INFO org.springframework.boot.test.context.SpringBootTestContextBootstrapper -- Found @SpringBootConfiguration com.example.reactivewebservice.hello.ReactiveWebServiceApplication for test class com.example.reactivewebservice.hello.GreetingRouterTest

  .   ____          _            __ _ _
 /\\ / ___'_ __ _ _(_)_ __  __ _ \ \ \ \
( ( )\___ | '_ | '_| | '_ \/ _` | \ \ \ \
 \\/  ___)| |_)| | | | | || (_| |  ) ) ) )
  '  |____| .__|_| |_|_| |_\__, | / / / /
 =========|_|==============|___/=/_/_/_/
 :: Spring Boot ::                (v3.2.4)

2024-04-15T16:02:29.783+01:00  INFO 70140 --- [reactive-web-service] [    Test worker] c.e.r.hello.GreetingRouterTest           : Starting GreetingRouterTest using Java 21.0.2 with PID 70140 (started by ionut.ciobotaru in /Users/ionut.ciobotaru/work/test/reactive/reactive-web-service)
2024-04-15T16:02:29.783+01:00  INFO 70140 --- [reactive-web-service] [    Test worker] c.e.r.hello.GreetingRouterTest           : No active profile set, falling back to 1 default profile: "default"
2024-04-15T16:02:30.145+01:00 ERROR 70140 --- [reactive-web-service] [    Test worker] i.n.r.d.DnsServerAddressStreamProviders  : Unable to load io.netty.resolver.dns.macos.MacOSDnsServerAddressStreamProvider, fallback to system defaults. This may result in incorrect DNS resolutions on MacOS. Check whether you have a dependency on 'io.netty:netty-resolver-dns-native-macos'. Use DEBUG level to see the full stack: java.lang.UnsatisfiedLinkError: failed to load the required native library
2024-04-15T16:02:30.302+01:00  INFO 70140 --- [reactive-web-service] [    Test worker] o.s.b.web.embedded.netty.NettyWebServer  : Netty started on port 64033
2024-04-15T16:02:30.311+01:00  INFO 70140 --- [reactive-web-service] [    Test worker] c.e.r.hello.GreetingRouterTest           : Started GreetingRouterTest in 0.613 seconds (process running for 1.068)
]]></system-out>
  <system-err><![CDATA[WARNING: A Java agent has been loaded dynamically (/Users/ionut.ciobotaru/.gradle/caches/modules-2/files-2.1/net.bytebuddy/byte-buddy-agent/1.14.12/be4984cb6fd1ef1d11f218a648889dfda44b8a15/byte-buddy-agent-1.14.12.jar)
WARNING: If a serviceability tool is in use, please run with -XX:+EnableDynamicAgentLoading to hide this warning
WARNING: If a serviceability tool is not in use, please run with -Djdk.instrument.traceUsage for more information
WARNING: Dynamic loading of agents will be disallowed by default in a future release
]]></system-err>
</testsuite>
